<?xml version="1.0" encoding="UTF-8"?>
<testng-results skipped="0" failed="0" total="1" passed="1">
  <reporter-output>
  </reporter-output>
  <suite name="Default suite" duration-ms="344" started-at="2018-04-01T10:20:34Z" finished-at="2018-04-01T10:20:34Z">
    <groups>
    </groups>
    <test name="Default test" duration-ms="344" started-at="2018-04-01T10:20:34Z" finished-at="2018-04-01T10:20:34Z">
      <class name="org.jpwh.test.simple.ModelOperations">
        <test-method status="PASS" signature="validateItem()[pri:0, instance:org.jpwh.test.simple.ModelOperations@735b5592]" name="validateItem" duration-ms="326" started-at="2018-04-01T18:20:34Z" finished-at="2018-04-01T18:20:34Z">
          <reporter-output>
          </reporter-output>
        </test-method> <!-- validateItem -->
      </class> <!-- org.jpwh.test.simple.ModelOperations -->
    </test> <!-- Default test -->
  </suite> <!-- Default suite -->
</testng-results>
